<?xml version="1.0" encoding="UTF-8"?>
<!-- Generated by org.testng.reporters.JUnitReportReporter -->
<testsuite hostname="Vivek" failures="0" tests="1" name="Registration.RegisterTest" time="2.980" errors="0" timestamp="2023-06-17T15:05:34 IST" skipped="0">
  <testcase classname="Registration.RegisterTest" name="registerTest" time="2.980"/>
  <system-out/>
</testsuite> <!-- Registration.RegisterTest -->
