<?xml version="1.0" encoding="UTF-8"?>
<!-- Generated by org.testng.reporters.JUnitReportReporter -->
<testsuite hostname="Vivek" failures="0" tests="1" name="Registration.CreateRegisterPageTest" time="19.391" errors="0" timestamp="2023-06-16T16:43:59 IST" skipped="0">
  <testcase classname="Registration.CreateRegisterPageTest" name="createRegisterPageTest" time="19.391"/>
  <system-out/>
</testsuite> <!-- Registration.CreateRegisterPageTest -->
